[2024-12-23T14:21:53.890Z] Initializing system...
[2024-12-23T14:21:53.897Z] System initialized successfully
[2024-12-23T14:21:53.898Z] System state saved successfully
[2024-12-23T14:21:53.899Z] Executing process_intent
[2024-12-23T14:21:53.900Z] Template execution failed
[2024-12-23T14:21:53.910Z] System state saved successfully
[2024-12-23T14:21:53.911Z] Navigating warmhole: intent_processor
[2024-12-23T14:21:53.912Z] System state saved successfully
[2024-12-23T14:21:53.913Z] Processing user intent
[2024-12-23T14:21:53.915Z] Intent processing failed
[2024-12-23T14:21:53.923Z] System state saved successfully
[2024-12-23T14:26:57.189Z] System state loaded successfully
[2024-12-23T14:26:57.195Z] Initializing system...
[2024-12-23T14:26:57.196Z] System initialized successfully
[2024-12-23T14:26:57.197Z] System state saved successfully
[2024-12-23T14:26:57.198Z] Executing process_intent
[2024-12-23T14:26:57.199Z] Template execution failed
[2024-12-23T14:26:57.210Z] System state saved successfully
[2024-12-23T14:26:57.211Z] Navigating warmhole: intent_processor
[2024-12-23T14:26:57.220Z] System state saved successfully
[2024-12-23T14:26:57.221Z] Processing user intent
[2024-12-23T14:26:57.224Z] Intent processing failed
[2024-12-23T14:26:57.233Z] System state saved successfully
[2024-12-23T14:28:14.596Z] System state loaded successfully
[2024-12-23T14:28:14.601Z] Initializing system...
[2024-12-23T14:28:14.603Z] System initialized successfully
[2024-12-23T14:28:14.604Z] System state saved successfully
[2024-12-23T14:28:14.605Z] Executing process_intent
[2024-12-23T14:28:14.606Z] Template execution failed
[2024-12-23T14:28:14.619Z] System state saved successfully
[2024-12-23T14:28:14.620Z] Navigating warmhole: intent_processor
[2024-12-23T14:28:14.635Z] System state saved successfully
[2024-12-23T14:28:14.637Z] Processing user intent
[2024-12-23T14:28:14.640Z] Intent processing failed
[2024-12-23T14:28:14.648Z] System state saved successfully
[2024-12-23T14:28:53.429Z] System state loaded successfully
[2024-12-23T14:28:53.434Z] Initializing system...
[2024-12-23T14:28:53.435Z] System initialized successfully
[2024-12-23T14:28:53.436Z] System state saved successfully
[2024-12-23T14:28:53.437Z] Executing process_intent
[2024-12-23T14:28:53.438Z] Template execution failed
[2024-12-23T14:28:53.448Z] System state saved successfully
[2024-12-23T14:28:53.449Z] Navigating warmhole: intent_processor
[2024-12-23T14:28:53.459Z] System state saved successfully
[2024-12-23T14:28:53.460Z] Processing user intent
[2024-12-23T14:29:10.525Z] Intent processing failed
[2024-12-23T14:29:10.526Z] System state saved successfully
[2024-12-23T14:33:02.332Z] System state loaded successfully
[2024-12-23T14:33:02.337Z] Initializing system...
[2024-12-23T14:33:02.339Z] System initialized successfully
[2024-12-23T14:33:02.340Z] System state saved successfully
[2024-12-23T14:33:02.340Z] Executing process_intent
[2024-12-23T14:33:02.341Z] Template execution failed
[2024-12-23T14:33:02.351Z] System state saved successfully
[2024-12-23T14:33:02.352Z] Navigating warmhole: intent_processor
[2024-12-23T14:33:02.362Z] System state saved successfully
[2024-12-23T14:33:02.363Z] Processing user intent
[2024-12-23T14:33:02.366Z] Intent processing failed
[2024-12-23T14:33:02.373Z] System state saved successfully
[2024-12-23T14:33:24.823Z] System state loaded successfully
[2024-12-23T14:33:24.829Z] Initializing system...
[2024-12-23T14:33:24.831Z] System initialized successfully
[2024-12-23T14:33:24.832Z] System state saved successfully
[2024-12-23T14:33:24.833Z] Executing process_intent
[2024-12-23T14:33:24.834Z] Template execution failed
[2024-12-23T14:33:24.846Z] System state saved successfully
[2024-12-23T14:33:24.847Z] Navigating warmhole: intent_processor
[2024-12-23T14:33:24.858Z] System state saved successfully
[2024-12-23T14:33:24.859Z] Processing user intent
[2024-12-23T14:33:24.861Z] Intent processing failed
[2024-12-23T14:33:24.868Z] System state saved successfully
