[2024-12-23T01:03:11.252Z] Initializing system...
[2024-12-23T01:03:11.254Z] System initialized successfully
[2024-12-23T01:03:11.255Z] Executing test_function
[2024-12-23T01:03:11.255Z] Execution failed
[2024-12-23T01:03:11.257Z] Navigating warmhole: test_warmhole
[2024-12-23T01:05:05.308Z] Initializing system...
[2024-12-23T01:05:05.310Z] System initialized successfully
[2024-12-23T01:05:05.311Z] Executing test_function
[2024-12-23T01:05:05.312Z] Execution failed
[2024-12-23T01:05:05.313Z] Navigating warmhole: test_warmhole
[2024-12-23T01:06:32.606Z] Initializing system...
[2024-12-23T01:06:32.609Z] System initialized successfully
[2024-12-23T01:06:32.610Z] Executing test_function
[2024-12-23T01:06:32.612Z] Navigating warmhole: test_warmhole
[2024-12-23T01:07:37.829Z] Initializing system...
[2024-12-23T01:07:37.832Z] System initialized successfully
[2024-12-23T01:07:37.833Z] Executing test_function
[2024-12-23T01:07:37.834Z] Navigating warmhole: test_warmhole
[2024-12-23T01:08:40.843Z] Initializing system...
[2024-12-23T01:08:40.846Z] System initialized successfully
[2024-12-23T01:08:40.848Z] Executing test_function
[2024-12-23T01:08:40.849Z] Navigating warmhole: test_warmhole
[2024-12-23T01:11:03.693Z] Initializing system...
[2024-12-23T01:11:03.700Z] System initialized successfully
